<?xml version="1.0" encoding="UTF-8"?>
<testsuite name="io.grpc.examples.helloworld.HelloWorldClientTest" tests="1" skipped="0" failures="0" errors="0" timestamp="2023-01-09T14:04:15" hostname="LAPTOP-A7DJH1MI" time="0.391">
  <properties/>
  <testcase name="greet_messageDeliveredToServer" classname="io.grpc.examples.helloworld.HelloWorldClientTest" time="0.391"/>
  <system-out><![CDATA[]]></system-out>
  <system-err><![CDATA[Jan. 09, 2023 3:04:15 NACHM. io.grpc.examples.helloworld.HelloWorldClient greet
INFORMATION: Will try to greet test name ...
Jan. 09, 2023 3:04:15 NACHM. io.grpc.examples.helloworld.HelloWorldClient greet
WARNUNG: RPC failed: Status{code=UNIMPLEMENTED, description=Method helloworld.Greeter/SayHello is unimplemented, cause=null}
]]></system-err>
</testsuite>
